{"name":"worker","pid":710,"phase":"SPIN_UP_BUILDER","buildId":"502e88ba-8edb-4936-bfe3-b29a76995018","level":30,"msg":"AMD, 4 vCPUs, 16 GB RAM","time":"2026-04-03T08:59:08.120Z","v":0,"logId":"019d5291-4fd8-749f-bf2c-5c4a202be3b6"}
{"name":"worker","pid":710,"phase":"SPIN_UP_BUILDER","buildId":"502e88ba-8edb-4936-bfe3-b29a76995018","level":30,"msg":"","time":"2026-04-03T08:59:08.122Z","v":0,"logId":"019d5291-4fda-7fac-b895-afd59d7a02e3"}
{"name":"worker","pid":710,"phase":"SPIN_UP_BUILDER","buildId":"502e88ba-8edb-4936-bfe3-b29a76995018","level":30,"msg":"Using image \"ubuntu-22.04-jdk-17-ndk-r26b\" based on \"ubuntu-2204-jammy-v20250112\"","time":"2026-04-03T08:59:08.124Z","v":0,"logId":"019d5291-4fdc-727c-835e-24feb5ceb8c6"}
{"name":"worker","pid":710,"phase":"SPIN_UP_BUILDER","buildId":"502e88ba-8edb-4936-bfe3-b29a76995018","level":30,"msg":"","time":"2026-04-03T08:59:08.124Z","v":0,"logId":"019d5291-4fdc-727c-835e-24ffc82973c6"}
{"name":"worker","pid":710,"phase":"SPIN_UP_BUILDER","buildId":"502e88ba-8edb-4936-bfe3-b29a76995018","level":30,"msg":"Installed software:","time":"2026-04-03T08:59:08.124Z","v":0,"logId":"019d5291-4fdc-727c-835e-2500e4886805"}
{"name":"worker","pid":710,"phase":"SPIN_UP_BUILDER","buildId":"502e88ba-8edb-4936-bfe3-b29a76995018","level":30,"msg":"- NDK 26.1.10909125","time":"2026-04-03T08:59:08.124Z","v":0,"logId":"019d5291-4fdc-727c-835e-2501ec26c1a2"}
{"name":"worker","pid":710,"phase":"SPIN_UP_BUILDER","buildId":"502e88ba-8edb-4936-bfe3-b29a76995018","level":30,"msg":"- Node.js 20.19.2","time":"2026-04-03T08:59:08.124Z","v":0,"logId":"019d5291-4fdc-727c-835e-2502b47ced45"}
{"name":"worker","pid":710,"phase":"SPIN_UP_BUILDER","buildId":"502e88ba-8edb-4936-bfe3-b29a76995018","level":30,"msg":"- Bun 1.2.4","time":"2026-04-03T08:59:08.124Z","v":0,"logId":"019d5291-4fdc-727c-835e-25034902c798"}
{"name":"worker","pid":710,"phase":"SPIN_UP_BUILDER","buildId":"502e88ba-8edb-4936-bfe3-b29a76995018","level":30,"msg":"- Yarn 1.22.22","time":"2026-04-03T08:59:08.124Z","v":0,"logId":"019d5291-4fdc-727c-835e-250412f26c26"}
{"name":"worker","pid":710,"phase":"SPIN_UP_BUILDER","buildId":"502e88ba-8edb-4936-bfe3-b29a76995018","level":30,"msg":"- pnpm 9.15.5","time":"2026-04-03T08:59:08.124Z","v":0,"logId":"019d5291-4fdc-727c-835e-2505c916ba16"}
{"name":"worker","pid":710,"phase":"SPIN_UP_BUILDER","buildId":"502e88ba-8edb-4936-bfe3-b29a76995018","level":30,"msg":"- npm 10.8.2","time":"2026-04-03T08:59:08.124Z","v":0,"logId":"019d5291-4fdc-727c-835e-25066cdcdea7"}
{"name":"worker","pid":710,"phase":"SPIN_UP_BUILDER","buildId":"502e88ba-8edb-4936-bfe3-b29a76995018","level":30,"msg":"- Java 17","time":"2026-04-03T08:59:08.125Z","v":0,"logId":"019d5291-4fdd-7b28-b3f1-013e32b93758"}
{"name":"worker","pid":710,"phase":"SPIN_UP_BUILDER","buildId":"502e88ba-8edb-4936-bfe3-b29a76995018","level":30,"msg":"- node-gyp 11.1.0","time":"2026-04-03T08:59:08.125Z","v":0,"logId":"019d5291-4fdd-7b28-b3f1-013f089a2fe6"}
{"name":"worker","pid":710,"phase":"SPIN_UP_BUILDER","buildId":"502e88ba-8edb-4936-bfe3-b29a76995018","level":30,"msg":"","time":"2026-04-03T08:59:08.125Z","v":0,"logId":"019d5291-4fdd-7b28-b3f1-014024f5a75d"}
{"name":"worker","pid":710,"phase":"SPIN_UP_BUILDER","buildId":"502e88ba-8edb-4936-bfe3-b29a76995018","level":30,"msg":"Project environment variables:","time":"2026-04-03T08:59:08.125Z","v":0,"logId":"019d5291-4fdd-7b28-b3f1-0141a20f0182"}
{"name":"worker","pid":710,"phase":"SPIN_UP_BUILDER","buildId":"502e88ba-8edb-4936-bfe3-b29a76995018","level":30,"msg":"  EAS_USE_CACHE=1","time":"2026-04-03T08:59:08.125Z","v":0,"logId":"019d5291-4fdd-7b28-b3f1-0142a2891595"}
{"name":"worker","pid":710,"phase":"SPIN_UP_BUILDER","buildId":"502e88ba-8edb-4936-bfe3-b29a76995018","level":30,"msg":"  __API_SERVER_URL=https://api.expo.dev/","time":"2026-04-03T08:59:08.125Z","v":0,"logId":"019d5291-4fdd-7b28-b3f1-0143f92eee60"}
{"name":"worker","pid":710,"phase":"SPIN_UP_BUILDER","buildId":"502e88ba-8edb-4936-bfe3-b29a76995018","level":30,"msg":"","time":"2026-04-03T08:59:08.125Z","v":0,"logId":"019d5291-4fdd-7b28-b3f1-01449679f56b"}
{"name":"worker","pid":710,"phase":"SPIN_UP_BUILDER","buildId":"502e88ba-8edb-4936-bfe3-b29a76995018","level":30,"msg":"Environment secrets:","time":"2026-04-03T08:59:08.125Z","v":0,"logId":"019d5291-4fdd-7b28-b3f1-0145ba238db4"}
{"name":"worker","pid":710,"phase":"SPIN_UP_BUILDER","buildId":"502e88ba-8edb-4936-bfe3-b29a76995018","level":30,"msg":"  EXPO_TOKEN=********","time":"2026-04-03T08:59:08.125Z","v":0,"logId":"019d5291-4fde-741d-a78c-cb0c9265095d"}
{"name":"worker","pid":710,"phase":"SPIN_UP_BUILDER","buildId":"502e88ba-8edb-4936-bfe3-b29a76995018","level":30,"msg":"","time":"2026-04-03T08:59:08.126Z","v":0,"logId":"019d5291-4fde-741d-a78c-cb0d4447aa05"}
{"name":"worker","pid":710,"phase":"SPIN_UP_BUILDER","buildId":"502e88ba-8edb-4936-bfe3-b29a76995018","level":30,"msg":"EAS Build environment variables:","time":"2026-04-03T08:59:08.126Z","v":0,"logId":"019d5291-4fde-741d-a78c-cb0edbfd4e0e"}
{"name":"worker","pid":710,"phase":"SPIN_UP_BUILDER","buildId":"502e88ba-8edb-4936-bfe3-b29a76995018","level":30,"msg":"  SHELL=/bin/sh","time":"2026-04-03T08:59:08.126Z","v":0,"logId":"019d5291-4fde-741d-a78c-cb0f8a113a8a"}
{"name":"worker","pid":710,"phase":"SPIN_UP_BUILDER","buildId":"502e88ba-8edb-4936-bfe3-b29a76995018","level":30,"msg":"  NVM_INC=/home/expo/.nvm/versions/node/v20.19.2/include/node","time":"2026-04-03T08:59:08.126Z","v":0,"logId":"019d5291-4fde-741d-a78c-cb103ab082da"}
{"name":"worker","pid":710,"phase":"SPIN_UP_BUILDER","buildId":"502e88ba-8edb-4936-bfe3-b29a76995018","level":30,"msg":"  JAVA_HOME=/usr/lib/jvm/java-17-openjdk-amd64","time":"2026-04-03T08:59:08.126Z","v":0,"logId":"019d5291-4fde-741d-a78c-cb114c5cf6e3"}
{"name":"worker","pid":710,"phase":"SPIN_UP_BUILDER","buildId":"502e88ba-8edb-4936-bfe3-b29a76995018","level":30,"msg":"  PWD=/usr/local/eas-build-worker","time":"2026-04-03T08:59:08.126Z","v":0,"logId":"019d5291-4fde-741d-a78c-cb1205bcc9f6"}
{"name":"worker","pid":710,"phase":"SPIN_UP_BUILDER","buildId":"502e88ba-8edb-4936-bfe3-b29a76995018","level":30,"msg":"  LOGNAME=expo","time":"2026-04-03T08:59:08.126Z","v":0,"logId":"019d5291-4fde-741d-a78c-cb13c33fa215"}
{"name":"worker","pid":710,"phase":"SPIN_UP_BUILDER","buildId":"502e88ba-8edb-4936-bfe3-b29a76995018","level":30,"msg":"  SYSTEMD_EXEC_PID=710","time":"2026-04-03T08:59:08.126Z","v":0,"logId":"019d5291-4fde-741d-a78c-cb143a808005"}
{"name":"worker","pid":710,"phase":"SPIN_UP_BUILDER","buildId":"502e88ba-8edb-4936-bfe3-b29a76995018","level":30,"msg":"  HOME=/home/expo","time":"2026-04-03T08:59:08.126Z","v":0,"logId":"019d5291-4fde-741d-a78c-cb153aaa7c87"}
{"name":"worker","pid":710,"phase":"SPIN_UP_BUILDER","buildId":"502e88ba-8edb-4936-bfe3-b29a76995018","level":30,"msg":"  LANG=en_US.UTF-8","time":"2026-04-03T08:59:08.126Z","v":0,"logId":"019d5291-4fde-741d-a78c-cb16f692b1ec"}
{"name":"worker","pid":710,"phase":"SPIN_UP_BUILDER","buildId":"502e88ba-8edb-4936-bfe3-b29a76995018","level":30,"msg":"  INVOCATION_ID=54aa3c8f494347e1bcc5db29c5067bf5","time":"2026-04-03T08:59:08.126Z","v":0,"logId":"019d5291-4fde-741d-a78c-cb1707c97363"}
{"name":"worker","pid":710,"phase":"SPIN_UP_BUILDER","buildId":"502e88ba-8edb-4936-bfe3-b29a76995018","level":30,"msg":"  ANDROID_NDK_HOME=/home/expo/Android/Sdk/ndk/26.1.10909125","time":"2026-04-03T08:59:08.126Z","v":0,"logId":"019d5291-4fde-741d-a78c-cb1890b72026"}
{"name":"worker","pid":710,"phase":"SPIN_UP_BUILDER","buildId":"502e88ba-8edb-4936-bfe3-b29a76995018","level":30,"msg":"  NVM_DIR=/home/expo/.nvm","time":"2026-04-03T08:59:08.126Z","v":0,"logId":"019d5291-4fde-741d-a78c-cb19c30ba743"}
{"name":"worker","pid":710,"phase":"SPIN_UP_BUILDER","buildId":"502e88ba-8edb-4936-bfe3-b29a76995018","level":30,"msg":"  ANDROID_HOME=/home/expo/Android/Sdk","time":"2026-04-03T08:59:08.126Z","v":0,"logId":"019d5291-4fde-741d-a78c-cb1a632e19cc"}
{"name":"worker","pid":710,"phase":"SPIN_UP_BUILDER","buildId":"502e88ba-8edb-4936-bfe3-b29a76995018","level":30,"msg":"  USER=expo","time":"2026-04-03T08:59:08.126Z","v":0,"logId":"019d5291-4fde-741d-a78c-cb1b41fb6951"}
{"name":"worker","pid":710,"phase":"SPIN_UP_BUILDER","buildId":"502e88ba-8edb-4936-bfe3-b29a76995018","level":30,"msg":"  SHLVL=0","time":"2026-04-03T08:59:08.126Z","v":0,"logId":"019d5291-4fde-741d-a78c-cb1c34625fee"}
{"name":"worker","pid":710,"phase":"SPIN_UP_BUILDER","buildId":"502e88ba-8edb-4936-bfe3-b29a76995018","level":30,"msg":"  ANDROID_SDK_ROOT=/home/expo/Android/Sdk","time":"2026-04-03T08:59:08.126Z","v":0,"logId":"019d5291-4fde-741d-a78c-cb1d651bec5a"}
{"name":"worker","pid":710,"phase":"SPIN_UP_BUILDER","buildId":"502e88ba-8edb-4936-bfe3-b29a76995018","level":30,"msg":"  JOURNAL_STREAM=8:4600","time":"2026-04-03T08:59:08.126Z","v":0,"logId":"019d5291-4fde-741d-a78c-cb1eb69f7d81"}
{"name":"worker","pid":710,"phase":"SPIN_UP_BUILDER","buildId":"502e88ba-8edb-4936-bfe3-b29a76995018","level":30,"msg":"  PATH=/home/expo/workingdir/bin:/home/expo/.nvm/versions/node/v20.19.2/bin:/opt/bundletool:/home/expo/Android/Sdk/build-tools/29.0.3:/home/expo/Android/Sdk/build-tools/35.0.0:/home/expo/Android/Sdk/ndk/26.1.10909125:/home/expo/Android/Sdk/cmdline-tools/tools/bin:/home/expo/Android/Sdk/tools:/home/expo/Android/Sdk/tools/bin:/home/expo/Android/Sdk/platform-tools:/usr/local/sbin:/usr/local/bin:/usr/sbin:/usr/bin:/sbin:/bin:/snap/bin:/home/expo/.bun/bin:/home/expo/.maestro/bin","time":"2026-04-03T08:59:08.126Z","v":0,"logId":"019d5291-4fdf-7231-9806-70f14e8b94b1"}
{"name":"worker","pid":710,"phase":"SPIN_UP_BUILDER","buildId":"502e88ba-8edb-4936-bfe3-b29a76995018","level":30,"msg":"  LOGGER_LEVEL=info","time":"2026-04-03T08:59:08.127Z","v":0,"logId":"019d5291-4fdf-7231-9806-70f22e455ba3"}
{"name":"worker","pid":710,"phase":"SPIN_UP_BUILDER","buildId":"502e88ba-8edb-4936-bfe3-b29a76995018","level":30,"msg":"  NVM_BIN=/home/expo/.nvm/versions/node/v20.19.2/bin","time":"2026-04-03T08:59:08.127Z","v":0,"logId":"019d5291-4fdf-7231-9806-70f30b13182e"}
{"name":"worker","pid":710,"phase":"SPIN_UP_BUILDER","buildId":"502e88ba-8edb-4936-bfe3-b29a76995018","level":30,"msg":"  EAS_BUILD_WORKER_DIR=/home/expo/eas-build-worker","time":"2026-04-03T08:59:08.127Z","v":0,"logId":"019d5291-4fdf-7231-9806-70f469a2ffe7"}
{"name":"worker","pid":710,"phase":"SPIN_UP_BUILDER","buildId":"502e88ba-8edb-4936-bfe3-b29a76995018","level":30,"msg":"  _=/home/expo/.nvm/versions/node/v20.19.2/bin/node","time":"2026-04-03T08:59:08.127Z","v":0,"logId":"019d5291-4fdf-7231-9806-70f55c5ffa68"}
{"name":"worker","pid":710,"phase":"SPIN_UP_BUILDER","buildId":"502e88ba-8edb-4936-bfe3-b29a76995018","level":30,"msg":"  CI=1","time":"2026-04-03T08:59:08.127Z","v":0,"logId":"019d5291-4fdf-7231-9806-70f624fda2b9"}
{"name":"worker","pid":710,"phase":"SPIN_UP_BUILDER","buildId":"502e88ba-8edb-4936-bfe3-b29a76995018","level":30,"msg":"  MAESTRO_DRIVER_STARTUP_TIMEOUT=120000","time":"2026-04-03T08:59:08.127Z","v":0,"logId":"019d5291-4fdf-7231-9806-70f7d81e1932"}
{"name":"worker","pid":710,"phase":"SPIN_UP_BUILDER","buildId":"502e88ba-8edb-4936-bfe3-b29a76995018","level":30,"msg":"  MAESTRO_CLI_NO_ANALYTICS=1","time":"2026-04-03T08:59:08.127Z","v":0,"logId":"019d5291-4fdf-7231-9806-70f870fc492e"}
{"name":"worker","pid":710,"phase":"SPIN_UP_BUILDER","buildId":"502e88ba-8edb-4936-bfe3-b29a76995018","level":30,"msg":"  EAS_BUILD=true","time":"2026-04-03T08:59:08.127Z","v":0,"logId":"019d5291-4fdf-7231-9806-70f9e8bf53e1"}
{"name":"worker","pid":710,"phase":"SPIN_UP_BUILDER","buildId":"502e88ba-8edb-4936-bfe3-b29a76995018","level":30,"msg":"  EAS_BUILD_RUNNER=eas-build","time":"2026-04-03T08:59:08.127Z","v":0,"logId":"019d5291-4fdf-7231-9806-70fae5273bd9"}
{"name":"worker","pid":710,"phase":"SPIN_UP_BUILDER","buildId":"502e88ba-8edb-4936-bfe3-b29a76995018","level":30,"msg":"  EAS_BUILD_PLATFORM=android","time":"2026-04-03T08:59:08.127Z","v":0,"logId":"019d5291-4fdf-7231-9806-70fb2b028d53"}
{"name":"worker","pid":710,"phase":"SPIN_UP_BUILDER","buildId":"502e88ba-8edb-4936-bfe3-b29a76995018","level":30,"msg":"  EAS_CLI_SENTRY_DSN=https://ca4734dc503543b28d55fdaf0563f61c@o30871.ingest.sentry.io/1837720","time":"2026-04-03T08:59:08.127Z","v":0,"logId":"019d5291-4fdf-7231-9806-70fc49259e5d"}
{"name":"worker","pid":710,"phase":"SPIN_UP_BUILDER","buildId":"502e88ba-8edb-4936-bfe3-b29a76995018","level":30,"msg":"  NVM_NODEJS_ORG_MIRROR=http://nodejs.production.caches.eas-build.internal","time":"2026-04-03T08:59:08.127Z","v":0,"logId":"019d5291-4fdf-7231-9806-70fde8d2b154"}
{"name":"worker","pid":710,"phase":"SPIN_UP_BUILDER","buildId":"502e88ba-8edb-4936-bfe3-b29a76995018","level":30,"msg":"  EAS_BUILD_PROFILE=preview","time":"2026-04-03T08:59:08.127Z","v":0,"logId":"019d5291-4fdf-7231-9806-70fe8ca86a62"}
{"name":"worker","pid":710,"phase":"SPIN_UP_BUILDER","buildId":"502e88ba-8edb-4936-bfe3-b29a76995018","level":30,"msg":"  EAS_BUILD_GIT_COMMIT_HASH=4314859555faf0ccde87aea62221137ae6971c40","time":"2026-04-03T08:59:08.127Z","v":0,"logId":"019d5291-4fdf-7231-9806-70ff38f5eabd"}
{"name":"worker","pid":710,"phase":"SPIN_UP_BUILDER","buildId":"502e88ba-8edb-4936-bfe3-b29a76995018","level":30,"msg":"  EAS_BUILD_ID=502e88ba-8edb-4936-bfe3-b29a76995018","time":"2026-04-03T08:59:08.127Z","v":0,"logId":"019d5291-4fdf-7231-9806-7100ebf77aa0"}
{"name":"worker","pid":710,"phase":"SPIN_UP_BUILDER","buildId":"502e88ba-8edb-4936-bfe3-b29a76995018","level":30,"msg":"  EAS_BUILD_WORKINGDIR=/home/expo/workingdir/build","time":"2026-04-03T08:59:08.127Z","v":0,"logId":"019d5291-4fdf-7231-9806-7101dac43a2b"}
{"name":"worker","pid":710,"phase":"SPIN_UP_BUILDER","buildId":"502e88ba-8edb-4936-bfe3-b29a76995018","level":30,"msg":"  EAS_BUILD_PROJECT_ID=5e441c9a-3317-42c1-86e2-00c005f8f5dd","time":"2026-04-03T08:59:08.127Z","v":0,"logId":"019d5291-4fdf-7231-9806-710226ace168"}
{"name":"worker","pid":710,"phase":"SPIN_UP_BUILDER","buildId":"502e88ba-8edb-4936-bfe3-b29a76995018","level":30,"msg":"  ANDROID_CCACHE=/usr/bin/ccache","time":"2026-04-03T08:59:08.127Z","v":0,"logId":"019d5291-4fdf-7231-9806-7103c7691644"}
{"name":"worker","pid":710,"phase":"SPIN_UP_BUILDER","buildId":"502e88ba-8edb-4936-bfe3-b29a76995018","level":30,"msg":"  EAS_BUILD_MAVEN_CACHE_URL=http://maven.production.caches.eas-build.internal","time":"2026-04-03T08:59:08.127Z","v":0,"logId":"019d5291-4fdf-7231-9806-7104e8f35bdd"}
{"name":"worker","pid":710,"phase":"SPIN_UP_BUILDER","buildId":"502e88ba-8edb-4936-bfe3-b29a76995018","level":30,"msg":"  GRADLE_OPTS=-Dorg.gradle.jvmargs=\"-XX:MaxMetaspaceSize=1g -Xmx4g -XX:+HeapDumpOnOutOfMemoryError -Dfile.encoding=UTF-8\" -Dorg.gradle.parallel=true -Dorg.gradle.daemon=false","time":"2026-04-03T08:59:08.127Z","v":0,"logId":"019d5291-4fdf-7231-9806-71055f39db35"}
{"name":"worker","pid":710,"phase":"SPIN_UP_BUILDER","buildId":"502e88ba-8edb-4936-bfe3-b29a76995018","level":30,"msg":"  EAS_BUILD_ANDROID_VERSION_CODE=12","time":"2026-04-03T08:59:08.127Z","v":0,"logId":"019d5291-4fdf-7231-9806-7106747709ae"}
{"name":"worker","pid":710,"phase":"SPIN_UP_BUILDER","buildId":"502e88ba-8edb-4936-bfe3-b29a76995018","level":30,"msg":"  EAS_BUILD_USERNAME=vijayajeyam","time":"2026-04-03T08:59:08.127Z","v":0,"logId":"019d5291-4fdf-7231-9806-710788cc2a66"}
{"name":"worker","pid":710,"phase":"SPIN_UP_BUILDER","buildId":"502e88ba-8edb-4936-bfe3-b29a76995018","level":30,"msg":"  __EAS_BUILD_ENVS_DIR=/home/expo/workingdir/env","time":"2026-04-03T08:59:08.128Z","v":0,"logId":"019d5291-4fe0-7f60-8e18-a2f8fb5b1b3b"}
{"name":"worker","pid":710,"phase":"SPIN_UP_BUILDER","buildId":"502e88ba-8edb-4936-bfe3-b29a76995018","level":30,"msg":"","time":"2026-04-03T08:59:08.128Z","v":0,"logId":"019d5291-4fe0-7f60-8e18-a2f92cb142d4"}
{"name":"worker","pid":710,"phase":"SPIN_UP_BUILDER","buildId":"502e88ba-8edb-4936-bfe3-b29a76995018","level":30,"job":{"mode":"build","type":"generic","appId":"5e441c9a-3317-42c1-86e2-00c005f8f5dd","cache":{"clear":false,"paths":[],"disabled":false},"updates":{},"version":{"versionCode":"12"},"platform":"android","username":"vijayajeyam","buildType":"apk","environment":"preview","triggeredBy":"EAS_CLI","experimental":{},"expoBuildUrl":"https://expo.dev/accounts/vijayajeyam/projects/Marutham/builds/502e88ba-8edb-4936-bfe3-b29a76995018","initiatingUserId":"6d0b905f-96ce-4e3c-b145-1a77876722ce","builderEnvironment":{"env":{"EAS_USE_CACHE":"1","__API_SERVER_URL":"https://api.expo.dev/"},"image":"sdk-53"},"projectRootDirectory":"."},"msg":"Builder is ready, starting build","time":"2026-04-03T08:59:08.128Z","v":0,"logId":"019d5291-4fe0-7f60-8e18-a2fa98e1b792"}
{"name":"worker","pid":710,"phase":"SPIN_UP_BUILDER","buildId":"502e88ba-8edb-4936-bfe3-b29a76995018","level":30,"marker":"END_PHASE","result":"success","durationMs":8,"msg":"End phase: SPIN_UP_BUILDER","time":"2026-04-03T08:59:08.129Z","v":0,"logId":"019d5291-4fe1-7334-9f24-c7af15a7244f"}
{"name":"worker","pid":710,"phase":"INSTALL_CUSTOM_TOOLS","buildId":"502e88ba-8edb-4936-bfe3-b29a76995018","level":30,"marker":"START_PHASE","msg":"Start phase: INSTALL_CUSTOM_TOOLS","time":"2026-04-03T08:59:08.129Z","v":0,"logId":"019d5291-4fe2-7782-9ef8-899758a51480"}
{"name":"worker","pid":710,"phase":"INSTALL_CUSTOM_TOOLS","buildId":"502e88ba-8edb-4936-bfe3-b29a76995018","level":30,"marker":"END_PHASE","result":"success","durationMs":653,"msg":"End phase: INSTALL_CUSTOM_TOOLS","time":"2026-04-03T08:59:08.784Z","v":0,"logId":"019d5291-5270-7506-b52a-09194ad0ef43"}
{"name":"worker","pid":710,"phase":"PREPARE_PROJECT","buildId":"502e88ba-8edb-4936-bfe3-b29a76995018","level":30,"marker":"START_PHASE","msg":"Start phase: PREPARE_PROJECT","time":"2026-04-03T08:59:08.786Z","v":0,"logId":"019d5291-5272-7f10-a728-5976b80907d8"}
{"name":"worker","pid":710,"phase":"PREPARE_PROJECT","buildId":"502e88ba-8edb-4936-bfe3-b29a76995018","source":"stderr","level":30,"msg":"tar: Ignoring unknown extended header keyword 'SCHILY.dev'","time":"2026-04-03T08:59:09.967Z","v":0,"logId":"019d5291-5710-74a4-9f3f-42b3c2bdeded"}
{"name":"worker","pid":710,"phase":"PREPARE_PROJECT","buildId":"502e88ba-8edb-4936-bfe3-b29a76995018","source":"stderr","level":30,"msg":"tar: Ignoring unknown extended header keyword 'SCHILY.ino'","time":"2026-04-03T08:59:09.968Z","v":0,"logId":"019d5291-5710-74a4-9f3f-42b4744efd1d"}
{"name":"worker","pid":710,"phase":"PREPARE_PROJECT","buildId":"502e88ba-8edb-4936-bfe3-b29a76995018","source":"stderr","level":30,"msg":"tar: Ignoring unknown extended header keyword 'SCHILY.nlink'","time":"2026-04-03T08:59:09.968Z","v":0,"logId":"019d5291-5710-74a4-9f3f-42b5bbde176f"}
{"name":"worker","pid":710,"phase":"PREPARE_PROJECT","buildId":"502e88ba-8edb-4936-bfe3-b29a76995018","source":"stderr","level":30,"msg":"tar: Ignoring unknown extended header keyword 'SCHILY.dev'","time":"2026-04-03T08:59:09.968Z","v":0,"logId":"019d5291-5710-74a4-9f3f-42b6aaf72142"}
{"name":"worker","pid":710,"phase":"PREPARE_PROJECT","buildId":"502e88ba-8edb-4936-bfe3-b29a76995018","source":"stderr","level":30,"msg":"tar: Ignoring unknown extended header keyword 'SCHILY.ino'","time":"2026-04-03T08:59:09.968Z","v":0,"logId":"019d5291-5710-74a4-9f3f-42b791356989"}
{"name":"worker","pid":710,"phase":"PREPARE_PROJECT","buildId":"502e88ba-8edb-4936-bfe3-b29a76995018","source":"stderr","level":30,"msg":"tar: Ignoring unknown extended header keyword 'SCHILY.nlink'","time":"2026-04-03T08:59:09.968Z","v":0,"logId":"019d5291-5710-74a4-9f3f-42b8592ed24d"}
{"name":"worker","pid":710,"phase":"PREPARE_PROJECT","buildId":"502e88ba-8edb-4936-bfe3-b29a76995018","source":"stderr","level":30,"msg":"tar: Ignoring unknown extended header keyword 'SCHILY.dev'","time":"2026-04-03T08:59:09.969Z","v":0,"logId":"019d5291-5711-7db6-bab2-779c0a14a5a2"}
{"name":"worker","pid":710,"phase":"PREPARE_PROJECT","buildId":"502e88ba-8edb-4936-bfe3-b29a76995018","source":"stderr","level":30,"msg":"tar: Ignoring unknown extended header keyword 'SCHILY.ino'","time":"2026-04-03T08:59:09.969Z","v":0,"logId":"019d5291-5711-7db6-bab2-779d463851ff"}
{"name":"worker","pid":710,"phase":"PREPARE_PROJECT","buildId":"502e88ba-8edb-4936-bfe3-b29a76995018","source":"stderr","level":30,"msg":"tar: Ignoring unknown extended header keyword 'SCHILY.nlink'","time":"2026-04-03T08:59:09.969Z","v":0,"logId":"019d5291-5711-7db6-bab2-779e481266c8"}
{"name":"worker","pid":710,"phase":"PREPARE_PROJECT","buildId":"502e88ba-8edb-4936-bfe3-b29a76995018","source":"stderr","level":30,"msg":"tar: Ignoring unknown extended header keyword 'SCHILY.dev'","time":"2026-04-03T08:59:10.070Z","v":0,"logId":"019d5291-5776-7fce-aa9a-c92b4b2045c2"}
{"name":"worker","pid":710,"phase":"PREPARE_PROJECT","buildId":"502e88ba-8edb-4936-bfe3-b29a76995018","source":"stderr","level":30,"msg":"tar: Ignoring unknown extended header keyword 'SCHILY.ino'","time":"2026-04-03T08:59:10.070Z","v":0,"logId":"019d5291-5776-7fce-aa9a-c92c4f7a55a5"}
{"name":"worker","pid":710,"phase":"PREPARE_PROJECT","buildId":"502e88ba-8edb-4936-bfe3-b29a76995018","source":"stderr","level":30,"msg":"tar: Ignoring unknown extended header keyword 'SCHILY.nlink'","time":"2026-04-03T08:59:10.070Z","v":0,"logId":"019d5291-5776-7fce-aa9a-c92df2a9a15e"}
{"name":"worker","pid":710,"phase":"PREPARE_PROJECT","buildId":"502e88ba-8edb-4936-bfe3-b29a76995018","source":"stderr","level":30,"msg":"tar: Ignoring unknown extended header keyword 'SCHILY.dev'","time":"2026-04-03T08:59:10.070Z","v":0,"logId":"019d5291-5776-7fce-aa9a-c92ee726f4f0"}
{"name":"worker","pid":710,"phase":"PREPARE_PROJECT","buildId":"502e88ba-8edb-4936-bfe3-b29a76995018","source":"stderr","level":30,"msg":"tar: Ignoring unknown extended header keyword 'SCHILY.ino'","time":"2026-04-03T08:59:10.070Z","v":0,"logId":"019d5291-5776-7fce-aa9a-c92f3462c83e"}
{"name":"worker","pid":710,"phase":"PREPARE_PROJECT","buildId":"502e88ba-8edb-4936-bfe3-b29a76995018","source":"stderr","level":30,"msg":"tar: Ignoring unknown extended header keyword 'SCHILY.nlink'","time":"2026-04-03T08:59:10.070Z","v":0,"logId":"019d5291-5776-7fce-aa9a-c930f384c305"}
{"name":"worker","pid":710,"phase":"PREPARE_PROJECT","buildId":"502e88ba-8edb-4936-bfe3-b29a76995018","source":"stderr","level":30,"msg":"tar: Ignoring unknown extended header keyword 'SCHILY.dev'","time":"2026-04-03T08:59:10.070Z","v":0,"logId":"019d5291-5776-7fce-aa9a-c931bb05097b"}
{"name":"worker","pid":710,"phase":"PREPARE_PROJECT","buildId":"502e88ba-8edb-4936-bfe3-b29a76995018","source":"stderr","level":30,"msg":"tar: Ignoring unknown extended header keyword 'SCHILY.ino'","time":"2026-04-03T08:59:10.071Z","v":0,"logId":"019d5291-5777-727d-a4f9-0063b2175ab5"}
{"name":"worker","pid":710,"phase":"PREPARE_PROJECT","buildId":"502e88ba-8edb-4936-bfe3-b29a76995018","source":"stderr","level":30,"msg":"tar: Ignoring unknown extended header keyword 'SCHILY.nlink'","time":"2026-04-03T08:59:10.071Z","v":0,"logId":"019d5291-5777-727d-a4f9-006473e090e1"}
{"name":"worker","pid":710,"phase":"PREPARE_PROJECT","buildId":"502e88ba-8edb-4936-bfe3-b29a76995018","source":"stderr","level":30,"msg":"tar: Ignoring unknown extended header keyword 'SCHILY.dev'","time":"2026-04-03T08:59:10.071Z","v":0,"logId":"019d5291-5777-727d-a4f9-006551c41bc7"}
{"name":"worker","pid":710,"phase":"PREPARE_PROJECT","buildId":"502e88ba-8edb-4936-bfe3-b29a76995018","source":"stderr","level":30,"msg":"tar: Ignoring unknown extended header keyword 'SCHILY.ino'","time":"2026-04-03T08:59:10.071Z","v":0,"logId":"019d5291-5777-727d-a4f9-00662467c516"}
{"name":"worker","pid":710,"phase":"PREPARE_PROJECT","buildId":"502e88ba-8edb-4936-bfe3-b29a76995018","source":"stderr","level":30,"msg":"tar: Ignoring unknown extended header keyword 'SCHILY.nlink'","time":"2026-04-03T08:59:10.071Z","v":0,"logId":"019d5291-5777-727d-a4f9-00671e5131c5"}
{"name":"worker","pid":710,"phase":"PREPARE_PROJECT","buildId":"502e88ba-8edb-4936-bfe3-b29a76995018","source":"stderr","level":30,"msg":"tar: Ignoring unknown extended header keyword 'SCHILY.dev'","time":"2026-04-03T08:59:10.071Z","v":0,"logId":"019d5291-5777-727d-a4f9-00682b84ba45"}
{"name":"worker","pid":710,"phase":"PREPARE_PROJECT","buildId":"502e88ba-8edb-4936-bfe3-b29a76995018","source":"stderr","level":30,"msg":"tar: Ignoring unknown extended header keyword 'SCHILY.ino'","time":"2026-04-03T08:59:10.071Z","v":0,"logId":"019d5291-5777-727d-a4f9-0069738b4021"}
{"name":"worker","pid":710,"phase":"PREPARE_PROJECT","buildId":"502e88ba-8edb-4936-bfe3-b29a76995018","source":"stderr","level":30,"msg":"tar: Ignoring unknown extended header keyword 'SCHILY.nlink'","time":"2026-04-03T08:59:10.071Z","v":0,"logId":"019d5291-5777-727d-a4f9-006a2e6a2587"}
{"name":"worker","pid":710,"phase":"PREPARE_PROJECT","buildId":"502e88ba-8edb-4936-bfe3-b29a76995018","source":"stderr","level":30,"msg":"tar: Ignoring unknown extended header keyword 'SCHILY.dev'","time":"2026-04-03T08:59:10.073Z","v":0,"logId":"019d5291-5779-7947-a3c2-a469f1b2b0e7"}
{"name":"worker","pid":710,"phase":"PREPARE_PROJECT","buildId":"502e88ba-8edb-4936-bfe3-b29a76995018","source":"stderr","level":30,"msg":"tar: Ignoring unknown extended header keyword 'SCHILY.ino'","time":"2026-04-03T08:59:10.073Z","v":0,"logId":"019d5291-5779-7947-a3c2-a46a300d396e"}
{"name":"worker","pid":710,"phase":"PREPARE_PROJECT","buildId":"502e88ba-8edb-4936-bfe3-b29a76995018","source":"stderr","level":30,"msg":"tar: Ignoring unknown extended header keyword 'SCHILY.nlink'","time":"2026-04-03T08:59:10.073Z","v":0,"logId":"019d5291-5779-7947-a3c2-a46bf0fef279"}
{"name":"worker","pid":710,"phase":"PREPARE_PROJECT","buildId":"502e88ba-8edb-4936-bfe3-b29a76995018","source":"stderr","level":30,"msg":"tar: Ignoring unknown extended header keyword 'SCHILY.dev'","time":"2026-04-03T08:59:10.073Z","v":0,"logId":"019d5291-5779-7947-a3c2-a46c7b7989cc"}
{"name":"worker","pid":710,"phase":"PREPARE_PROJECT","buildId":"502e88ba-8edb-4936-bfe3-b29a76995018","source":"stderr","level":30,"msg":"tar: Ignoring unknown extended header keyword 'SCHILY.ino'","time":"2026-04-03T08:59:10.073Z","v":0,"logId":"019d5291-5779-7947-a3c2-a46d8eee439f"}
{"name":"worker","pid":710,"phase":"PREPARE_PROJECT","buildId":"502e88ba-8edb-4936-bfe3-b29a76995018","source":"stderr","level":30,"msg":"tar: Ignoring unknown extended header keyword 'SCHILY.nlink'","time":"2026-04-03T08:59:10.073Z","v":0,"logId":"019d5291-5779-7947-a3c2-a46ec94f5070"}
{"name":"worker","pid":710,"phase":"PREPARE_PROJECT","buildId":"502e88ba-8edb-4936-bfe3-b29a76995018","source":"stderr","level":30,"msg":"tar: Ignoring unknown extended header keyword 'SCHILY.dev'","time":"2026-04-03T08:59:10.073Z","v":0,"logId":"019d5291-577a-71ee-ad33-4c123525bf27"}
{"name":"worker","pid":710,"phase":"PREPARE_PROJECT","buildId":"502e88ba-8edb-4936-bfe3-b29a76995018","source":"stderr","level":30,"msg":"tar: Ignoring unknown extended header keyword 'SCHILY.ino'","time":"2026-04-03T08:59:10.074Z","v":0,"logId":"019d5291-577a-71ee-ad33-4c130ac38cbf"}
{"name":"worker","pid":710,"phase":"PREPARE_PROJECT","buildId":"502e88ba-8edb-4936-bfe3-b29a76995018","source":"stderr","level":30,"msg":"tar: Ignoring unknown extended header keyword 'SCHILY.nlink'","time":"2026-04-03T08:59:10.074Z","v":0,"logId":"019d5291-577a-71ee-ad33-4c1499879986"}
{"name":"worker","pid":710,"phase":"PREPARE_PROJECT","buildId":"502e88ba-8edb-4936-bfe3-b29a76995018","source":"stderr","level":30,"msg":"tar: Ignoring unknown extended header keyword 'SCHILY.dev'","time":"2026-04-03T08:59:10.074Z","v":0,"logId":"019d5291-577a-71ee-ad33-4c1552cd3305"}
{"name":"worker","pid":710,"phase":"PREPARE_PROJECT","buildId":"502e88ba-8edb-4936-bfe3-b29a76995018","source":"stderr","level":30,"msg":"tar: Ignoring unknown extended header keyword 'SCHILY.ino'","time":"2026-04-03T08:59:10.074Z","v":0,"logId":"019d5291-577a-71ee-ad33-4c1680bab120"}
{"name":"worker","pid":710,"phase":"PREPARE_PROJECT","buildId":"502e88ba-8edb-4936-bfe3-b29a76995018","source":"stderr","level":30,"msg":"tar: Ignoring unknown extended header keyword 'SCHILY.nlink'","time":"2026-04-03T08:59:10.074Z","v":0,"logId":"019d5291-577a-71ee-ad33-4c1747da6660"}
{"name":"worker","pid":710,"phase":"PREPARE_PROJECT","buildId":"502e88ba-8edb-4936-bfe3-b29a76995018","source":"stderr","level":30,"msg":"tar: Ignoring unknown extended header keyword 'SCHILY.dev'","time":"2026-04-03T08:59:10.074Z","v":0,"logId":"019d5291-577a-71ee-ad33-4c18bd4367b7"}
{"name":"worker","pid":710,"phase":"PREPARE_PROJECT","buildId":"502e88ba-8edb-4936-bfe3-b29a76995018","source":"stderr","level":30,"msg":"tar: Ignoring unknown extended header keyword 'SCHILY.ino'","time":"2026-04-03T08:59:10.074Z","v":0,"logId":"019d5291-577a-71ee-ad33-4c192272ea3c"}
{"name":"worker","pid":710,"phase":"PREPARE_PROJECT","buildId":"502e88ba-8edb-4936-bfe3-b29a76995018","source":"stderr","level":30,"msg":"tar: Ignoring unknown extended header keyword 'SCHILY.nlink'","time":"2026-04-03T08:59:10.074Z","v":0,"logId":"019d5291-577a-71ee-ad33-4c1a90ca433c"}
{"name":"worker","pid":710,"phase":"PREPARE_PROJECT","buildId":"502e88ba-8edb-4936-bfe3-b29a76995018","source":"stderr","level":30,"msg":"tar: Ignoring unknown extended header keyword 'SCHILY.dev'","time":"2026-04-03T08:59:10.074Z","v":0,"logId":"019d5291-577a-71ee-ad33-4c1b71f0d72f"}
{"name":"worker","pid":710,"phase":"PREPARE_PROJECT","buildId":"502e88ba-8edb-4936-bfe3-b29a76995018","source":"stderr","level":30,"msg":"tar: Ignoring unknown extended header keyword 'SCHILY.ino'","time":"2026-04-03T08:59:10.074Z","v":0,"logId":"019d5291-577a-71ee-ad33-4c1c6b2fee24"}
{"name":"worker","pid":710,"phase":"PREPARE_PROJECT","buildId":"502e88ba-8edb-4936-bfe3-b29a76995018","source":"stderr","level":30,"msg":"tar: Ignoring unknown extended header keyword 'SCHILY.nlink'","time":"2026-04-03T08:59:10.074Z","v":0,"logId":"019d5291-577b-7703-86db-f59fbd14afef"}
{"name":"worker","pid":710,"phase":"PREPARE_PROJECT","buildId":"502e88ba-8edb-4936-bfe3-b29a76995018","source":"stderr","level":30,"msg":"tar: Ignoring unknown extended header keyword 'SCHILY.dev'","time":"2026-04-03T08:59:10.075Z","v":0,"logId":"019d5291-577b-7703-86db-f5a04cb1433d"}
{"name":"worker","pid":710,"phase":"PREPARE_PROJECT","buildId":"502e88ba-8edb-4936-bfe3-b29a76995018","source":"stderr","level":30,"msg":"tar: Ignoring unknown extended header keyword 'SCHILY.ino'","time":"2026-04-03T08:59:10.075Z","v":0,"logId":"019d5291-577b-7703-86db-f5a1ff645511"}
{"name":"worker","pid":710,"phase":"PREPARE_PROJECT","buildId":"502e88ba-8edb-4936-bfe3-b29a76995018","source":"stderr","level":30,"msg":"tar: Ignoring unknown extended header keyword 'SCHILY.nlink'","time":"2026-04-03T08:59:10.075Z","v":0,"logId":"019d5291-577b-7703-86db-f5a29f96b13d"}
{"name":"worker","pid":710,"phase":"PREPARE_PROJECT","buildId":"502e88ba-8edb-4936-bfe3-b29a76995018","source":"stderr","level":30,"msg":"tar: Ignoring unknown extended header keyword 'SCHILY.dev'","time":"2026-04-03T08:59:10.075Z","v":0,"logId":"019d5291-577b-7703-86db-f5a339d7d141"}
{"name":"worker","pid":710,"phase":"PREPARE_PROJECT","buildId":"502e88ba-8edb-4936-bfe3-b29a76995018","source":"stderr","level":30,"msg":"tar: Ignoring unknown extended header keyword 'SCHILY.ino'","time":"2026-04-03T08:59:10.075Z","v":0,"logId":"019d5291-577b-7703-86db-f5a47710d604"}
{"name":"worker","pid":710,"phase":"PREPARE_PROJECT","buildId":"502e88ba-8edb-4936-bfe3-b29a76995018","source":"stderr","level":30,"msg":"tar: Ignoring unknown extended header keyword 'SCHILY.nlink'","time":"2026-04-03T08:59:10.075Z","v":0,"logId":"019d5291-577b-7703-86db-f5a52bc4d0af"}
{"name":"worker","pid":710,"phase":"PREPARE_PROJECT","buildId":"502e88ba-8edb-4936-bfe3-b29a76995018","source":"stderr","level":30,"msg":"tar: Ignoring unknown extended header keyword 'SCHILY.dev'","time":"2026-04-03T08:59:10.075Z","v":0,"logId":"019d5291-577b-7703-86db-f5a67cc87f16"}
{"name":"worker","pid":710,"phase":"PREPARE_PROJECT","buildId":"502e88ba-8edb-4936-bfe3-b29a76995018","source":"stderr","level":30,"msg":"tar: Ignoring unknown extended header keyword 'SCHILY.ino'","time":"2026-04-03T08:59:10.075Z","v":0,"logId":"019d5291-577b-7703-86db-f5a7f1bf1ff6"}
{"name":"worker","pid":710,"phase":"PREPARE_PROJECT","buildId":"502e88ba-8edb-4936-bfe3-b29a76995018","source":"stderr","level":30,"msg":"tar: Ignoring unknown extended header keyword 'SCHILY.nlink'","time":"2026-04-03T08:59:10.075Z","v":0,"logId":"019d5291-577b-7703-86db-f5a8d74057d0"}
{"name":"worker","pid":710,"phase":"PREPARE_PROJECT","buildId":"502e88ba-8edb-4936-bfe3-b29a76995018","source":"stderr","level":30,"msg":"tar: Ignoring unknown extended header keyword 'SCHILY.dev'","time":"2026-04-03T08:59:10.075Z","v":0,"logId":"019d5291-577b-7703-86db-f5a9297a5022"}
{"name":"worker","pid":710,"phase":"PREPARE_PROJECT","buildId":"502e88ba-8edb-4936-bfe3-b29a76995018","source":"stderr","level":30,"msg":"tar: Ignoring unknown extended header keyword 'SCHILY.ino'","time":"2026-04-03T08:59:10.075Z","v":0,"logId":"019d5291-577b-7703-86db-f5aa4bd3a151"}
{"name":"worker","pid":710,"phase":"PREPARE_PROJECT","buildId":"502e88ba-8edb-4936-bfe3-b29a76995018","source":"stderr","level":30,"msg":"tar: Ignoring unknown extended header keyword 'SCHILY.nlink'","time":"2026-04-03T08:59:10.075Z","v":0,"logId":"019d5291-577b-7703-86db-f5ab3a7abebe"}
{"name":"worker","pid":710,"phase":"PREPARE_PROJECT","buildId":"502e88ba-8edb-4936-bfe3-b29a76995018","source":"stderr","level":30,"msg":"tar: Ignoring unknown extended header keyword 'SCHILY.dev'","time":"2026-04-03T08:59:10.075Z","v":0,"logId":"019d5291-577b-7703-86db-f5ac9cd224b1"}
{"name":"worker","pid":710,"phase":"PREPARE_PROJECT","buildId":"502e88ba-8edb-4936-bfe3-b29a76995018","source":"stderr","level":30,"msg":"tar: Ignoring unknown extended header keyword 'SCHILY.ino'","time":"2026-04-03T08:59:10.075Z","v":0,"logId":"019d5291-577b-7703-86db-f5ade134b0d2"}
{"name":"worker","pid":710,"phase":"PREPARE_PROJECT","buildId":"502e88ba-8edb-4936-bfe3-b29a76995018","source":"stderr","level":30,"msg":"tar: Ignoring unknown extended header keyword 'SCHILY.nlink'","time":"2026-04-03T08:59:10.075Z","v":0,"logId":"019d5291-577b-7703-86db-f5ae8ecdc677"}
{"name":"worker","pid":710,"phase":"PREPARE_PROJECT","buildId":"502e88ba-8edb-4936-bfe3-b29a76995018","level":30,"marker":"END_PHASE","result":"success","durationMs":1455,"msg":"End phase: PREPARE_PROJECT","time":"2026-04-03T08:59:10.242Z","v":0,"logId":"019d5291-5822-7eb5-b6cb-eba90534ca28"}
{"name":"worker","pid":710,"phase":"PRE_INSTALL_HOOK","buildId":"502e88ba-8edb-4936-bfe3-b29a76995018","level":30,"marker":"START_PHASE","msg":"Start phase: PRE_INSTALL_HOOK","time":"2026-04-03T08:59:10.242Z","v":0,"logId":"019d5291-5822-7eb5-b6cb-ebaa7cec9336"}
{"name":"worker","pid":710,"phase":"PRE_INSTALL_HOOK","buildId":"502e88ba-8edb-4936-bfe3-b29a76995018","level":30,"marker":"END_PHASE","result":"success","durationMs":1,"msg":"End phase: PRE_INSTALL_HOOK","time":"2026-04-03T08:59:10.243Z","v":0,"logId":"019d5291-5823-7650-9edb-710844f6d8a6"}
{"name":"worker","pid":710,"phase":"READ_EAS_JSON","buildId":"502e88ba-8edb-4936-bfe3-b29a76995018","level":30,"marker":"START_PHASE","msg":"Start phase: READ_EAS_JSON","time":"2026-04-03T08:59:10.243Z","v":0,"logId":"019d5291-5823-7650-9edb-71093b702fc0"}
{"name":"worker","pid":710,"phase":"READ_EAS_JSON","buildId":"502e88ba-8edb-4936-bfe3-b29a76995018","level":30,"msg":"Using eas.json:","time":"2026-04-03T08:59:10.243Z","v":0,"logId":"019d5291-5824-7e6e-a6ee-811c22e7d159"}
{"name":"worker","pid":710,"phase":"READ_EAS_JSON","buildId":"502e88ba-8edb-4936-bfe3-b29a76995018","level":30,"msg":"{\r\n  \"cli\": {\r\n    \"version\": \">= 14.2.0\",\r\n    \"appVersionSource\": \"remote\"\r\n  },\r\n  \"build\": {\r\n    \"development\": {\r\n      \"distribution\": \"internal\",\r\n      \"android\": {\r\n        \"buildType\": \"apk\"\r\n      },\r\n      \"ios\": {\r\n        \"simulator\": true\r\n      }\r\n    },\r\n    \"preview\": {\r\n      \"distribution\": \"internal\",\r\n      \"android\": {\r\n        \"buildType\": \"apk\"\r\n      }\r\n    },\r\n    \"production\": {\r\n      \"distribution\": \"store\",\r\n      \"autoIncrement\": true,\r\n      \"android\": {\r\n        \"buildType\": \"app-bundle\"\r\n      },\r\n      \"ios\": {\r\n        \"enterpriseProvisioning\": \"universal\"\r\n      }\r\n    }\r\n  },\r\n  \"submit\": {\r\n    \"production\": {}\r\n  }\r\n}","time":"2026-04-03T08:59:10.244Z","v":0,"logId":"019d5291-5824-7e6e-a6ee-811deb3212fe"}
{"name":"worker","pid":710,"phase":"READ_EAS_JSON","buildId":"502e88ba-8edb-4936-bfe3-b29a76995018","level":30,"marker":"END_PHASE","result":"success","durationMs":1,"msg":"End phase: READ_EAS_JSON","time":"2026-04-03T08:59:10.244Z","v":0,"logId":"019d5291-5824-7e6e-a6ee-811e750326d5"}
{"name":"worker","pid":710,"phase":"READ_PACKAGE_JSON","buildId":"502e88ba-8edb-4936-bfe3-b29a76995018","level":30,"marker":"START_PHASE","msg":"Start phase: READ_PACKAGE_JSON","time":"2026-04-03T08:59:10.244Z","v":0,"logId":"019d5291-5824-7e6e-a6ee-811f83bee8ba"}
{"name":"worker","pid":710,"phase":"READ_PACKAGE_JSON","buildId":"502e88ba-8edb-4936-bfe3-b29a76995018","level":30,"msg":"Using package.json:","time":"2026-04-03T08:59:10.244Z","v":0,"logId":"019d5291-5824-7e6e-a6ee-8120311227e0"}
{"name":"worker","pid":710,"phase":"READ_PACKAGE_JSON","buildId":"502e88ba-8edb-4936-bfe3-b29a76995018","level":30,"msg":"{\n  \"name\": \"alaigal\",\n  \"license\": \"0BSD\",\n  \"version\": \"1.0.1\",\n  \"main\": \"index.js\",\n  \"versionCode\": 5,\n  \"scripts\": {\n    \"start\": \"expo start\",\n    \"android\": \"expo run:android\",\n    \"ios\": \"expo run:ios\",\n    \"web\": \"expo start --web\"\n  },\n  \"dependencies\": {\n    \"@expo/metro-runtime\": \"~5.0.4\",\n    \"@expo/vector-icons\": \"^14.1.0\",\n    \"@react-native-async-storage/async-storage\": \"2.1.2\",\n    \"@react-native-community/datetimepicker\": \"8.4.1\",\n    \"@react-native-community/geolocation\": \"^3.4.0\",\n    \"@react-native-picker/picker\": \"2.11.1\",\n    \"@react-native-voice/voice\": \"^3.2.4\",\n    \"@react-navigation/drawer\": \"^7.1.1\",\n    \"@react-navigation/native\": \"^7.0.14\",\n    \"@react-navigation/native-stack\": \"^7.2.0\",\n    \"@react-navigation/stack\": \"^7.1.1\",\n    \"axios\": \"^1.7.9\",\n    \"babel-preset-expo\": \"~13.0.0\",\n    \"exceljs\": \"^4.4.0\",\n    \"expo\": \"^53.0.27\",\n    \"expo-av\": \"~15.1.4\",\n    \"expo-constants\": \"~17.1.6\",\n    \"expo-device\": \"~7.1.4\",\n    \"expo-document-picker\": \"~13.1.5\",\n    \"expo-file-system\": \"~18.1.11\",\n    \"expo-font\": \"^13.0.3\",\n    \"expo-image\": \"~2.4.1\",\n    \"expo-image-picker\": \"~16.1.4\",\n    \"expo-linear-gradient\": \"~14.1.5\",\n    \"expo-local-authentication\": \"~16.0.4\",\n    \"expo-location\": \"~18.1.4\",\n    \"expo-modules-core\": \"~2.5.0\",\n    \"expo-notifications\": \"~0.31.5\",\n    \"expo-print\": \"~14.1.4\",\n    \"expo-screen-orientation\": \"~8.1.7\",\n    \"expo-sharing\": \"~13.1.5\",\n    \"expo-speech\": \"~13.1.7\",\n    \"expo-speech-recognition\": \"^3.1.0\",\n    \"expo-status-bar\": \"~2.2.3\",\n    \"expo-video\": \"~2.2.2\",\n    \"expo-web-browser\": \"~14.2.0\",\n    \"firebase\": \"^11.4.0\",\n    \"jwt-decode\": \"^4.0.0\",\n    \"moment\": \"^2.30.1\",\n    \"react\": \"19.0.0\",\n    \"react-datepicker\": \"^8.2.1\",\n    \"react-dom\": \"19.0.0\",\n    \"react-native\": \"0.79.6\",\n    \"react-native-animatable\": \"^1.4.0\",\n    \"react-native-biometrics\": \"^3.0.1\",\n    \"react-native-dropdown-picker\": \"^5.4.6\",\n    \"react-native-gesture-handler\": \"~2.24.0\",\n    \"react-native-get-random-values\": \"^1.11.0\",\n    \"react-native-image-picker\": \"^7.2.3\",\n    \"react-native-linear-gradient\": \"^2.8.3\",\n    \"react-native-orientation-locker\": \"^1.7.0\",\n    \"react-native-paper\": \"^5.14.5\",\n    \"react-native-pdf\": \"^6.7.7\",\n    \"react-native-reanimated\": \"~3.17.4\",\n    \"react-native-safe-area-context\": \"5.4.0\",\n    \"react-native-screens\": \"~4.11.1\",\n    \"react-native-svg\": \"15.11.2\",\n    \"react-native-vector-icons\": \"^10.3.0\",\n    \"react-native-video\": \"^6.9.1\",\n    \"react-native-web\": \"^0.20.0\",\n    \"react-native-webview\": \"13.13.5\",\n    \"react-native-youtube-iframe\": \"^2.3.0\",\n    \"rn-fetch-blob\": \"^0.12.0\",\n    \"xlsx\": \"^0.18.5\"\n  },\n  \"devDependencies\": {\n    \"@babel/core\": \"^7.20.0\",\n    \"@react-native-community/cli\": \"^20.1.1\",\n    \"babel-preset-expo\": \"^54.0.9\",\n    \"eas-cli\": \"^16.32.0\",\n    \"react-refresh\": \"^0.18.0\"\n  },\n  \"private\": true\n}","time":"2026-04-03T08:59:10.244Z","v":0,"logId":"019d5291-5824-7e6e-a6ee-8121ff9343de"}
{"name":"worker","pid":710,"phase":"READ_PACKAGE_JSON","buildId":"502e88ba-8edb-4936-bfe3-b29a76995018","level":30,"marker":"END_PHASE","result":"success","durationMs":1,"msg":"End phase: READ_PACKAGE_JSON","time":"2026-04-03T08:59:10.245Z","v":0,"logId":"019d5291-5825-706b-8f3f-4ee2838d8e06"}
{"name":"worker","pid":710,"phase":"INSTALL_DEPENDENCIES","buildId":"502e88ba-8edb-4936-bfe3-b29a76995018","level":30,"marker":"START_PHASE","msg":"Start phase: INSTALL_DEPENDENCIES","time":"2026-04-03T08:59:10.245Z","v":0,"logId":"019d5291-5825-706b-8f3f-4ee37787811b"}
{"name":"worker","pid":710,"phase":"INSTALL_DEPENDENCIES","buildId":"502e88ba-8edb-4936-bfe3-b29a76995018","level":30,"msg":"Running \"npm ci --include=dev\" in /home/expo/workingdir/build directory","time":"2026-04-03T08:59:10.246Z","v":0,"logId":"019d5291-5826-76b3-9fb6-658cb4ae72a9"}
{"name":"worker","pid":710,"phase":"INSTALL_DEPENDENCIES","buildId":"502e88ba-8edb-4936-bfe3-b29a76995018","source":"stderr","level":30,"msg":"npm warn EBADENGINE Unsupported engine {","time":"2026-04-03T08:59:12.092Z","v":0,"logId":"019d5291-5f5c-776d-be18-a29e2afd7b35"}
{"name":"worker","pid":710,"phase":"INSTALL_DEPENDENCIES","buildId":"502e88ba-8edb-4936-bfe3-b29a76995018","source":"stderr","level":30,"msg":"npm warn EBADENGINE   package: '@react-native-community/cli@20.1.1',","time":"2026-04-03T08:59:12.093Z","v":0,"logId":"019d5291-5f5d-7df2-934e-73c53d998abf"}
{"name":"worker","pid":710,"phase":"INSTALL_DEPENDENCIES","buildId":"502e88ba-8edb-4936-bfe3-b29a76995018","source":"stderr","level":30,"msg":"npm warn EBADENGINE   required: { node: '>=20.19.4' },","time":"2026-04-03T08:59:12.093Z","v":0,"logId":"019d5291-5f5d-7df2-934e-73c61d9cb2d7"}
{"name":"worker","pid":710,"phase":"INSTALL_DEPENDENCIES","buildId":"502e88ba-8edb-4936-bfe3-b29a76995018","source":"stderr","level":30,"msg":"npm warn EBADENGINE   current: { node: 'v20.19.2', npm: '10.8.2' }","time":"2026-04-03T08:59:12.093Z","v":0,"logId":"019d5291-5f5d-7df2-934e-73c7aa896ebc"}
{"name":"worker","pid":710,"phase":"INSTALL_DEPENDENCIES","buildId":"502e88ba-8edb-4936-bfe3-b29a76995018","source":"stderr","level":30,"msg":"npm warn EBADENGINE }","time":"2026-04-03T08:59:12.093Z","v":0,"logId":"019d5291-5f5d-7df2-934e-73c8891b7b66"}
{"name":"worker","pid":710,"phase":"INSTALL_DEPENDENCIES","buildId":"502e88ba-8edb-4936-bfe3-b29a76995018","source":"stderr","level":30,"msg":"npm warn EBADENGINE Unsupported engine {","time":"2026-04-03T08:59:12.093Z","v":0,"logId":"019d5291-5f5d-7df2-934e-73c937e66de4"}
{"name":"worker","pid":710,"phase":"INSTALL_DEPENDENCIES","buildId":"502e88ba-8edb-4936-bfe3-b29a76995018","source":"stderr","level":30,"msg":"npm warn EBADENGINE   package: '@react-native/babel-plugin-codegen@0.81.5',","time":"2026-04-03T08:59:12.093Z","v":0,"logId":"019d5291-5f5d-7df2-934e-73cac42d2e49"}
{"name":"worker","pid":710,"phase":"INSTALL_DEPENDENCIES","buildId":"502e88ba-8edb-4936-bfe3-b29a76995018","source":"stderr","level":30,"msg":"npm warn EBADENGINE   required: { node: '>= 20.19.4' },","time":"2026-04-03T08:59:12.093Z","v":0,"logId":"019d5291-5f5d-7df2-934e-73cb24d68ba2"}
{"name":"worker","pid":710,"phase":"INSTALL_DEPENDENCIES","buildId":"502e88ba-8edb-4936-bfe3-b29a76995018","source":"stderr","level":30,"msg":"npm warn EBADENGINE   current: { node: 'v20.19.2', npm: '10.8.2' }","time":"2026-04-03T08:59:12.093Z","v":0,"logId":"019d5291-5f5d-7df2-934e-73cc8f4c0847"}
{"name":"worker","pid":710,"phase":"INSTALL_DEPENDENCIES","buildId":"502e88ba-8edb-4936-bfe3-b29a76995018","source":"stderr","level":30,"msg":"npm warn EBADENGINE }","time":"2026-04-03T08:59:12.093Z","v":0,"logId":"019d5291-5f5d-7df2-934e-73cd70ad97ca"}
{"name":"worker","pid":710,"phase":"INSTALL_DEPENDENCIES","buildId":"502e88ba-8edb-4936-bfe3-b29a76995018","source":"stderr","level":30,"msg":"npm warn EBADENGINE Unsupported engine {","time":"2026-04-03T08:59:12.093Z","v":0,"logId":"019d5291-5f5d-7df2-934e-73ce55c64907"}
{"name":"worker","pid":710,"phase":"INSTALL_DEPENDENCIES","buildId":"502e88ba-8edb-4936-bfe3-b29a76995018","source":"stderr","level":30,"msg":"npm warn EBADENGINE   package: '@react-native/babel-preset@0.81.5',","time":"2026-04-03T08:59:12.093Z","v":0,"logId":"019d5291-5f5e-7151-b777-ba3501c6ca8e"}
{"name":"worker","pid":710,"phase":"INSTALL_DEPENDENCIES","buildId":"502e88ba-8edb-4936-bfe3-b29a76995018","source":"stderr","level":30,"msg":"npm warn EBADENGINE   required: { node: '>= 20.19.4' },","time":"2026-04-03T08:59:12.094Z","v":0,"logId":"019d5291-5f5e-7151-b777-ba36c83e3c92"}
{"name":"worker","pid":710,"phase":"INSTALL_DEPENDENCIES","buildId":"502e88ba-8edb-4936-bfe3-b29a76995018","source":"stderr","level":30,"msg":"npm warn EBADENGINE   current: { node: 'v20.19.2', npm: '10.8.2' }","time":"2026-04-03T08:59:12.094Z","v":0,"logId":"019d5291-5f5e-7151-b777-ba376366af7d"}
{"name":"worker","pid":710,"phase":"INSTALL_DEPENDENCIES","buildId":"502e88ba-8edb-4936-bfe3-b29a76995018","source":"stderr","level":30,"msg":"npm warn EBADENGINE }","time":"2026-04-03T08:59:12.094Z","v":0,"logId":"019d5291-5f5e-7151-b777-ba38e7c18999"}
{"name":"worker","pid":710,"phase":"INSTALL_DEPENDENCIES","buildId":"502e88ba-8edb-4936-bfe3-b29a76995018","source":"stderr","level":30,"msg":"npm warn EBADENGINE Unsupported engine {","time":"2026-04-03T08:59:12.094Z","v":0,"logId":"019d5291-5f5e-7151-b777-ba39c5766f7f"}
{"name":"worker","pid":710,"phase":"INSTALL_DEPENDENCIES","buildId":"502e88ba-8edb-4936-bfe3-b29a76995018","source":"stderr","level":30,"msg":"npm warn EBADENGINE   package: '@react-native/codegen@0.81.5',","time":"2026-04-03T08:59:12.094Z","v":0,"logId":"019d5291-5f5e-7151-b777-ba3a116693ed"}
{"name":"worker","pid":710,"phase":"INSTALL_DEPENDENCIES","buildId":"502e88ba-8edb-4936-bfe3-b29a76995018","source":"stderr","level":30,"msg":"npm warn EBADENGINE   required: { node: '>= 20.19.4' },","time":"2026-04-03T08:59:12.094Z","v":0,"logId":"019d5291-5f5e-7151-b777-ba3bc5e8517c"}
{"name":"worker","pid":710,"phase":"INSTALL_DEPENDENCIES","buildId":"502e88ba-8edb-4936-bfe3-b29a76995018","source":"stderr","level":30,"msg":"npm warn EBADENGINE   current: { node: 'v20.19.2', npm: '10.8.2' }","time":"2026-04-03T08:59:12.094Z","v":0,"logId":"019d5291-5f5e-7151-b777-ba3c1cc24cd2"}
{"name":"worker","pid":710,"phase":"INSTALL_DEPENDENCIES","buildId":"502e88ba-8edb-4936-bfe3-b29a76995018","source":"stderr","level":30,"msg":"npm warn EBADENGINE }","time":"2026-04-03T08:59:12.094Z","v":0,"logId":"019d5291-5f5e-7151-b777-ba3dbec9fba0"}
{"name":"worker","pid":710,"phase":"INSTALL_DEPENDENCIES","buildId":"502e88ba-8edb-4936-bfe3-b29a76995018","source":"stderr","level":30,"msg":"npm error code EUSAGE","time":"2026-04-03T08:59:12.102Z","v":0,"logId":"019d5291-5f66-71f8-bb51-256817a45f2e"}
{"name":"worker","pid":710,"phase":"INSTALL_DEPENDENCIES","buildId":"502e88ba-8edb-4936-bfe3-b29a76995018","source":"stderr","level":30,"msg":"npm error","time":"2026-04-03T08:59:12.102Z","v":0,"logId":"019d5291-5f66-71f8-bb51-2569b01367f6"}
{"name":"worker","pid":710,"phase":"INSTALL_DEPENDENCIES","buildId":"502e88ba-8edb-4936-bfe3-b29a76995018","source":"stderr","level":30,"msg":"npm error `npm ci` can only install packages when your package.json and package-lock.json or npm-shrinkwrap.json are in sync. Please update your lock file with `npm install` before continuing.","time":"2026-04-03T08:59:12.102Z","v":0,"logId":"019d5291-5f66-71f8-bb51-256a1ce41bfd"}
{"name":"worker","pid":710,"phase":"INSTALL_DEPENDENCIES","buildId":"502e88ba-8edb-4936-bfe3-b29a76995018","source":"stderr","level":30,"msg":"npm error","time":"2026-04-03T08:59:12.103Z","v":0,"logId":"019d5291-5f67-71f3-bddf-431d6da0bd29"}
{"name":"worker","pid":710,"phase":"INSTALL_DEPENDENCIES","buildId":"502e88ba-8edb-4936-bfe3-b29a76995018","source":"stderr","level":30,"msg":"npm error Missing: @react-native-async-storage/async-storage@1.24.0 from lock file","time":"2026-04-03T08:59:12.103Z","v":0,"logId":"019d5291-5f67-71f3-bddf-431ec485f096"}
{"name":"worker","pid":710,"phase":"INSTALL_DEPENDENCIES","buildId":"502e88ba-8edb-4936-bfe3-b29a76995018","source":"stderr","level":30,"msg":"npm error Missing: babel-plugin-react-compiler@19.0.0-beta-ebf51a3-20250411 from lock file","time":"2026-04-03T08:59:12.103Z","v":0,"logId":"019d5291-5f67-71f3-bddf-431f3f77152c"}
{"name":"worker","pid":710,"phase":"INSTALL_DEPENDENCIES","buildId":"502e88ba-8edb-4936-bfe3-b29a76995018","source":"stderr","level":30,"msg":"npm error Missing: @react-native-async-storage/async-storage@1.24.0 from lock file","time":"2026-04-03T08:59:12.103Z","v":0,"logId":"019d5291-5f67-71f3-bddf-4320a4ba31f7"}
{"name":"worker","pid":710,"phase":"INSTALL_DEPENDENCIES","buildId":"502e88ba-8edb-4936-bfe3-b29a76995018","source":"stderr","level":30,"msg":"npm error","time":"2026-04-03T08:59:12.103Z","v":0,"logId":"019d5291-5f67-71f3-bddf-43216703d82c"}
{"name":"worker","pid":710,"phase":"INSTALL_DEPENDENCIES","buildId":"502e88ba-8edb-4936-bfe3-b29a76995018","source":"stderr","level":30,"msg":"npm error Clean install a project","time":"2026-04-03T08:59:12.103Z","v":0,"logId":"019d5291-5f67-71f3-bddf-432280ee3316"}
{"name":"worker","pid":710,"phase":"INSTALL_DEPENDENCIES","buildId":"502e88ba-8edb-4936-bfe3-b29a76995018","source":"stderr","level":30,"msg":"npm error","time":"2026-04-03T08:59:12.103Z","v":0,"logId":"019d5291-5f67-71f3-bddf-4323e95af247"}
{"name":"worker","pid":710,"phase":"INSTALL_DEPENDENCIES","buildId":"502e88ba-8edb-4936-bfe3-b29a76995018","source":"stderr","level":30,"msg":"npm error Usage:","time":"2026-04-03T08:59:12.103Z","v":0,"logId":"019d5291-5f67-71f3-bddf-432434d03774"}
{"name":"worker","pid":710,"phase":"INSTALL_DEPENDENCIES","buildId":"502e88ba-8edb-4936-bfe3-b29a76995018","source":"stderr","level":30,"msg":"npm error npm ci","time":"2026-04-03T08:59:12.103Z","v":0,"logId":"019d5291-5f67-71f3-bddf-43259b03caef"}
{"name":"worker","pid":710,"phase":"INSTALL_DEPENDENCIES","buildId":"502e88ba-8edb-4936-bfe3-b29a76995018","source":"stderr","level":30,"msg":"npm error","time":"2026-04-03T08:59:12.103Z","v":0,"logId":"019d5291-5f67-71f3-bddf-43260d09e0bc"}
{"name":"worker","pid":710,"phase":"INSTALL_DEPENDENCIES","buildId":"502e88ba-8edb-4936-bfe3-b29a76995018","source":"stderr","level":30,"msg":"npm error Options:","time":"2026-04-03T08:59:12.103Z","v":0,"logId":"019d5291-5f67-71f3-bddf-432724b06bf2"}
{"name":"worker","pid":710,"phase":"INSTALL_DEPENDENCIES","buildId":"502e88ba-8edb-4936-bfe3-b29a76995018","source":"stderr","level":30,"msg":"npm error [--install-strategy <hoisted|nested|shallow|linked>] [--legacy-bundling]","time":"2026-04-03T08:59:12.103Z","v":0,"logId":"019d5291-5f67-71f3-bddf-4328cfa2d8f2"}
{"name":"worker","pid":710,"phase":"INSTALL_DEPENDENCIES","buildId":"502e88ba-8edb-4936-bfe3-b29a76995018","source":"stderr","level":30,"msg":"npm error [--global-style] [--omit <dev|optional|peer> [--omit <dev|optional|peer> ...]]","time":"2026-04-03T08:59:12.103Z","v":0,"logId":"019d5291-5f67-71f3-bddf-43299d848af8"}
{"name":"worker","pid":710,"phase":"INSTALL_DEPENDENCIES","buildId":"502e88ba-8edb-4936-bfe3-b29a76995018","source":"stderr","level":30,"msg":"npm error [--include <prod|dev|optional|peer> [--include <prod|dev|optional|peer> ...]]","time":"2026-04-03T08:59:12.103Z","v":0,"logId":"019d5291-5f67-71f3-bddf-432a1441a7a8"}
{"name":"worker","pid":710,"phase":"INSTALL_DEPENDENCIES","buildId":"502e88ba-8edb-4936-bfe3-b29a76995018","source":"stderr","level":30,"msg":"npm error [--strict-peer-deps] [--foreground-scripts] [--ignore-scripts] [--no-audit]","time":"2026-04-03T08:59:12.103Z","v":0,"logId":"019d5291-5f67-71f3-bddf-432bc2312c54"}
{"name":"worker","pid":710,"phase":"INSTALL_DEPENDENCIES","buildId":"502e88ba-8edb-4936-bfe3-b29a76995018","source":"stderr","level":30,"msg":"npm error [--no-bin-links] [--no-fund] [--dry-run]","time":"2026-04-03T08:59:12.103Z","v":0,"logId":"019d5291-5f67-71f3-bddf-432cfa904588"}
{"name":"worker","pid":710,"phase":"INSTALL_DEPENDENCIES","buildId":"502e88ba-8edb-4936-bfe3-b29a76995018","source":"stderr","level":30,"msg":"npm error [-w|--workspace <workspace-name> [-w|--workspace <workspace-name> ...]]","time":"2026-04-03T08:59:12.103Z","v":0,"logId":"019d5291-5f67-71f3-bddf-432dda4cc349"}
{"name":"worker","pid":710,"phase":"INSTALL_DEPENDENCIES","buildId":"502e88ba-8edb-4936-bfe3-b29a76995018","source":"stderr","level":30,"msg":"npm error [-ws|--workspaces] [--include-workspace-root] [--install-links]","time":"2026-04-03T08:59:12.104Z","v":0,"logId":"019d5291-5f68-75a2-bb7d-c33bda9f30f9"}
{"name":"worker","pid":710,"phase":"INSTALL_DEPENDENCIES","buildId":"502e88ba-8edb-4936-bfe3-b29a76995018","source":"stderr","level":30,"msg":"npm error","time":"2026-04-03T08:59:12.104Z","v":0,"logId":"019d5291-5f68-75a2-bb7d-c33c1a4352fd"}
{"name":"worker","pid":710,"phase":"INSTALL_DEPENDENCIES","buildId":"502e88ba-8edb-4936-bfe3-b29a76995018","source":"stderr","level":30,"msg":"npm error aliases: clean-install, ic, install-clean, isntall-clean","time":"2026-04-03T08:59:12.104Z","v":0,"logId":"019d5291-5f68-75a2-bb7d-c33dd1461e3c"}
{"name":"worker","pid":710,"phase":"INSTALL_DEPENDENCIES","buildId":"502e88ba-8edb-4936-bfe3-b29a76995018","source":"stderr","level":30,"msg":"npm error","time":"2026-04-03T08:59:12.104Z","v":0,"logId":"019d5291-5f68-75a2-bb7d-c33ea81442a8"}
{"name":"worker","pid":710,"phase":"INSTALL_DEPENDENCIES","buildId":"502e88ba-8edb-4936-bfe3-b29a76995018","source":"stderr","level":30,"msg":"npm error Run \"npm help ci\" for more info","time":"2026-04-03T08:59:12.104Z","v":0,"logId":"019d5291-5f68-75a2-bb7d-c33f09a5e526"}
{"name":"worker","pid":710,"phase":"INSTALL_DEPENDENCIES","buildId":"502e88ba-8edb-4936-bfe3-b29a76995018","source":"stderr","level":30,"msg":"npm error A complete log of this run can be found in: /home/expo/.npm/_logs/2026-04-03T08_59_10_358Z-debug-0.log","time":"2026-04-03T08:59:12.104Z","v":0,"logId":"019d5291-5f68-75a2-bb7d-c3405cdd600a"}
{"name":"worker","pid":710,"phase":"INSTALL_DEPENDENCIES","buildId":"502e88ba-8edb-4936-bfe3-b29a76995018","level":50,"err":{"message":"npm ci --include=dev exited with non-zero code: 1","name":"Error","stack":"Error: npm ci --include=dev exited with non-zero code: 1\n    at ChildProcess.completionListener (/usr/local/eas-build-worker/node_modules/@expo/spawn-async/build/spawnAsync.js:42:23)\n    at Object.onceWrapper (node:events:639:26)\n    at ChildProcess.emit (node:events:524:28)\n    at ChildProcess.emit (node:domain:489:12)\n    at maybeClose (node:internal/child_process:1104:16)\n    at ChildProcess._handle.onexit (node:internal/child_process:304:5)\n    ...\n    at spawnAsync (/usr/local/eas-build-worker/node_modules/@expo/spawn-async/build/spawnAsync.js:7:23)\n    at spawn (/usr/local/eas-build-worker/packages/turtle-spawn/dist/index.js:16:47)\n    at installDependenciesAsync (/usr/local/eas-build-worker/packages/build-tools/dist/common/installDependencies.js:59:50)\n    at runInstallDependenciesAsync (/usr/local/eas-build-worker/packages/build-tools/dist/common/setup.js:177:107)\n    at /usr/local/eas-build-worker/packages/build-tools/dist/common/setup.js:84:15\n    at BuildContext.runBuildPhase (/usr/local/eas-build-worker/packages/build-tools/dist/context.js:125:34)\n    at setupAsync (/usr/local/eas-build-worker/packages/build-tools/dist/common/setup.js:73:15)\n    at async buildAsync (/usr/local/eas-build-worker/packages/build-tools/dist/builders/android.js:41:5)\n    at async runBuilderWithHooksAsync (/usr/local/eas-build-worker/packages/build-tools/dist/builders/common.js:12:13)\n    at async Object.androidBuilder (/usr/local/eas-build-worker/packages/build-tools/dist/builders/android.js:28:16)","signal":null},"msg":"","time":"2026-04-03T08:59:12.116Z","v":0,"logId":"019d5291-5f74-7132-8820-4890f0d08688"}
{"name":"worker","pid":710,"phase":"INSTALL_DEPENDENCIES","buildId":"502e88ba-8edb-4936-bfe3-b29a76995018","level":30,"marker":"END_PHASE","result":"failed","durationMs":1870,"msg":"End phase: INSTALL_DEPENDENCIES","time":"2026-04-03T08:59:12.117Z","v":0,"logId":"019d5291-5f75-797e-a559-4f1d8b4e8ac7"}
{"name":"worker","pid":710,"phase":"ON_BUILD_ERROR_HOOK","buildId":"502e88ba-8edb-4936-bfe3-b29a76995018","level":30,"marker":"START_PHASE","msg":"Start phase: ON_BUILD_ERROR_HOOK","time":"2026-04-03T08:59:12.117Z","v":0,"logId":"019d5291-5f75-797e-a559-4f1e28e442d9"}
{"name":"worker","pid":710,"phase":"ON_BUILD_ERROR_HOOK","buildId":"502e88ba-8edb-4936-bfe3-b29a76995018","level":30,"marker":"END_PHASE","result":"success","durationMs":0,"msg":"End phase: ON_BUILD_ERROR_HOOK","time":"2026-04-03T08:59:12.117Z","v":0,"logId":"019d5291-5f76-7e46-9fb4-618481c74f81"}
{"name":"worker","pid":710,"phase":"ON_BUILD_COMPLETE_HOOK","buildId":"502e88ba-8edb-4936-bfe3-b29a76995018","level":30,"marker":"START_PHASE","msg":"Start phase: ON_BUILD_COMPLETE_HOOK","time":"2026-04-03T08:59:12.118Z","v":0,"logId":"019d5291-5f76-7e46-9fb4-618588fea3c7"}
{"name":"worker","pid":710,"phase":"ON_BUILD_COMPLETE_HOOK","buildId":"502e88ba-8edb-4936-bfe3-b29a76995018","level":30,"marker":"END_PHASE","result":"success","durationMs":0,"msg":"End phase: ON_BUILD_COMPLETE_HOOK","time":"2026-04-03T08:59:12.118Z","v":0,"logId":"019d5291-5f76-7e46-9fb4-61860cf66194"}
{"name":"worker","pid":710,"phase":"UPLOAD_BUILD_ARTIFACTS","buildId":"502e88ba-8edb-4936-bfe3-b29a76995018","level":30,"marker":"START_PHASE","msg":"Start phase: UPLOAD_BUILD_ARTIFACTS","time":"2026-04-03T08:59:12.118Z","v":0,"logId":"019d5291-5f76-7e46-9fb4-6187ae00f79d"}
{"name":"worker","pid":710,"phase":"UPLOAD_BUILD_ARTIFACTS","buildId":"502e88ba-8edb-4936-bfe3-b29a76995018","level":30,"marker":"END_PHASE","result":"success","durationMs":0,"msg":"End phase: UPLOAD_BUILD_ARTIFACTS","time":"2026-04-03T08:59:12.118Z","v":0,"logId":"019d5291-5f77-748a-b4fe-084753e67d20"}
{"name":"worker","pid":710,"phase":"FAIL_BUILD","buildId":"502e88ba-8edb-4936-bfe3-b29a76995018","level":30,"marker":"START_PHASE","msg":"Start phase: FAIL_BUILD","time":"2026-04-03T08:59:12.119Z","v":0,"logId":"019d5291-5f77-748a-b4fe-084851180fe1"}
{"name":"worker","pid":710,"phase":"FAIL_BUILD","buildId":"502e88ba-8edb-4936-bfe3-b29a76995018","level":50,"err":{"message":"npm ci --include=dev exited with non-zero code: 1","name":"Error","stack":"Error: npm ci --include=dev exited with non-zero code: 1\n    at ChildProcess.completionListener (/usr/local/eas-build-worker/node_modules/@expo/spawn-async/build/spawnAsync.js:42:23)\n    at Object.onceWrapper (node:events:639:26)\n    at ChildProcess.emit (node:events:524:28)\n    at ChildProcess.emit (node:domain:489:12)\n    at maybeClose (node:internal/child_process:1104:16)\n    at ChildProcess._handle.onexit (node:internal/child_process:304:5)\n    ...\n    at spawnAsync (/usr/local/eas-build-worker/node_modules/@expo/spawn-async/build/spawnAsync.js:7:23)\n    at spawn (/usr/local/eas-build-worker/packages/turtle-spawn/dist/index.js:16:47)\n    at installDependenciesAsync (/usr/local/eas-build-worker/packages/build-tools/dist/common/installDependencies.js:59:50)\n    at runInstallDependenciesAsync (/usr/local/eas-build-worker/packages/build-tools/dist/common/setup.js:177:107)\n    at /usr/local/eas-build-worker/packages/build-tools/dist/common/setup.js:84:15\n    at BuildContext.runBuildPhase (/usr/local/eas-build-worker/packages/build-tools/dist/context.js:125:34)\n    at setupAsync (/usr/local/eas-build-worker/packages/build-tools/dist/common/setup.js:73:15)\n    at async buildAsync (/usr/local/eas-build-worker/packages/build-tools/dist/builders/android.js:41:5)\n    at async runBuilderWithHooksAsync (/usr/local/eas-build-worker/packages/build-tools/dist/builders/common.js:12:13)\n    at async Object.androidBuilder (/usr/local/eas-build-worker/packages/build-tools/dist/builders/android.js:28:16)","signal":null},"msg":"Build failed\n","time":"2026-04-03T08:59:12.120Z","v":0,"logId":"019d5291-5f78-7bdd-b3a6-c8353c12a081"}
{"name":"worker","pid":710,"phase":"FAIL_BUILD","buildId":"502e88ba-8edb-4936-bfe3-b29a76995018","level":30,"marker":"END_PHASE","result":"failed","msg":"End phase: FAIL_BUILD","time":"2026-04-03T08:59:12.120Z","v":0,"logId":"019d5291-5f78-7bdd-b3a6-c83623b514d9"}
